Chet is the current player
Player has rolled a 6
Chet's new location is 6
The category is Sports
Sports Question 49
Answer was corrent!!
Chet now has 1 Gold Coins.
Pat is the current player
Player has rolled a 4
Pat's new location is 4
The category is Pop
Pop Question 49
Question was incorrectly answered
Pat was sent to the penalty box
Sue is the current player
Player has rolled a 5
Sue's new location is 5
The category is Science
Science Question 49
Answer was corrent!!
Sue now has 1 Gold Coins.
Chet is the current player
Player has rolled a 6
Chet's new location is 0
The category is Pop
Pop Question 48
Answer was corrent!!
Chet now has 2 Gold Coins.
Pat is the current player
Player has rolled a 2
Pat is not getting out of the penalty box
Sue is the current player
Player has rolled a 5
Sue's new location is 10
The category is Sports
Sports Question 48
Answer was corrent!!
Sue now has 2 Gold Coins.
Chet is the current player
Player has rolled a 5
Chet's new location is 5
The category is Science
Science Question 48
Answer was corrent!!
Chet now has 3 Gold Coins.
Pat is the current player
Player has rolled a 1
Pat is getting out of the penalty box
Pat's new location is 5
The category is Science
Science Question 47
Answer was correct!!
Pat now has 1 Gold Coins.
Sue is the current player
Player has rolled a 2
Sue's new location is 0
The category is Pop
Pop Question 47
Answer was corrent!!
Sue now has 3 Gold Coins.
Chet is the current player
Player has rolled a 3
Chet's new location is 8
The category is Pop
Pop Question 46
Answer was corrent!!
Chet now has 4 Gold Coins.
Pat is the current player
Player has rolled a 1
Pat is getting out of the penalty box
Pat's new location is 6
The category is Sports
Sports Question 47
Answer was correct!!
Pat now has 2 Gold Coins.
Sue is the current player
Player has rolled a 6
Sue's new location is 6
The category is Sports
Sports Question 46
Answer was corrent!!
Sue now has 4 Gold Coins.
Chet is the current player
Player has rolled a 2
Chet's new location is 10
The category is Sports
Sports Question 45
Answer was corrent!!
Chet now has 5 Gold Coins.
Pat is the current player
Player has rolled a 6
Pat is not getting out of the penalty box
Sue is the current player
Player has rolled a 5
Sue's new location is 11
The category is Rock
Rock Question 49
Answer was corrent!!
Sue now has 5 Gold Coins.
Chet is the current player
Player has rolled a 1
Chet's new location is 11
The category is Rock
Rock Question 48
Answer was corrent!!
Chet now has 6 Gold Coins.
